<?xml version="1.0" encoding="UTF-8"?>
<!-- Generated by org.testng.reporters.JUnitReportReporter -->
<testsuite hostname="LAPTOP-GKFJBR0M" failures="0" tests="1" name="TestCase.LaunchTestYoutube" time="24.541" errors="0" timestamp="2024-03-23T19:47:23 IST" skipped="0">
  <testcase classname="TestCase.LaunchTestYoutube" name="Browserlaunch" time="24.541"/>
  <system-out/>
</testsuite> <!-- TestCase.LaunchTestYoutube -->
