<?xml version="1.0" encoding="UTF-8"?>
<!-- Generated by org.testng.reporters.JUnitReportReporter -->
<testsuite hostname="LAPTOP-GKFJBR0M" failures="0" tests="1" name="TestCase.LaunchTestGoogle" time="21.876" errors="0" timestamp="2024-03-23T20:24:14 IST" skipped="0">
  <testcase classname="TestCase.LaunchTestGoogle" name="Launchgoogle" time="21.876"/>
  <system-out/>
</testsuite> <!-- TestCase.LaunchTestGoogle -->
