<?xml version="1.0" encoding="UTF-8"?>
<!-- Generated by org.testng.reporters.JUnitReportReporter -->
<testsuite hostname="LAPTOP-GKFJBR0M" failures="0" tests="1" name="TestCase.LaunchTest" time="25.784" errors="0" timestamp="2024-03-23T16:12:20 IST" skipped="0">
  <testcase classname="TestCase.LaunchTest" name="Browserlaunch" time="25.784"/>
  <system-out/>
</testsuite> <!-- TestCase.LaunchTest -->
